<?xml version="1.0" encoding="UTF-8"?>
<!-- Generated by org.testng.reporters.JUnitReportReporter -->
<testsuite hostname="DESKTOP-POFSGNK" failures="0" tests="1" name="Jewelry.BlackandWhiteTest" time="2.937" errors="0" timestamp="2024-10-24T13:04:24 IST" skipped="0">
  <testcase classname="Jewelry.BlackandWhiteTest" name="testcase" time="2.937"/>
  <system-out>
    <![CDATA[Test execution Started
Test execution sucess ]]>
  </system-out>
</testsuite> <!-- Jewelry.BlackandWhiteTest -->
