<?xml version="1.0" encoding="UTF-8"?>
<!-- Generated by org.testng.reporters.JUnitReportReporter -->
<testsuite hostname="DESKTOP-POFSGNK" failures="0" tests="1" name="Books.Fiction" time="1.189" errors="0" timestamp="2024-10-18T23:07:13 IST" skipped="0">
  <testcase classname="Books.Fiction" name="testcase" time="1.189"/>
  <system-out>
    <![CDATA[Test execution Started
Test execution sucess ]]>
  </system-out>
</testsuite> <!-- Books.Fiction -->
