<?xml version="1.0" encoding="UTF-8"?>
<!-- Generated by org.testng.reporters.JUnitReportReporter -->
<testsuite hostname="DESKTOP-POFSGNK" failures="0" tests="2" name="SeleniumPractice.Program2Test" time="9.887" errors="0" timestamp="2024-10-24T15:04:18 IST" skipped="0">
  <testcase classname="SeleniumPractice.Program2Test" name="testcase1" time="3.427"/>
  <system-out/>
  <testcase classname="SeleniumPractice.Program2Test" name="testcase" time="6.460"/>
  <system-out/>
</testsuite> <!-- SeleniumPractice.Program2Test -->
