<?xml version="1.0" encoding="UTF-8"?>
<!-- Generated by org.testng.reporters.JUnitReportReporter -->
<testsuite hostname="DESKTOP-POFSGNK" failures="0" tests="1" name="SeleniumPractice.Program8Welcome" time="0.656" errors="0" timestamp="2024-10-18T22:51:36 IST" skipped="0">
  <testcase classname="SeleniumPractice.Program8Welcome" name="testcase" time="0.656"/>
  <system-out>
    <![CDATA[Test execution Started
Test execution sucess ]]>
  </system-out>
</testsuite> <!-- SeleniumPractice.Program8Welcome -->
