<?xml version="1.0" encoding="UTF-8"?>
<!-- Generated by org.testng.reporters.JUnitReportReporter -->
<testsuite hostname="DESKTOP-POFSGNK" failures="0" tests="1" name="ApparelandShoes.LeatherBag" time="3.624" errors="0" timestamp="2024-10-22T22:22:05 IST" skipped="0">
  <testcase classname="ApparelandShoes.LeatherBag" name="testcase" time="3.624"/>
  <system-out>
    <![CDATA[Test execution Started
Test execution sucess ]]>
  </system-out>
</testsuite> <!-- ApparelandShoes.LeatherBag -->
