<?xml version="1.0" encoding="UTF-8"?>
<!-- Generated by org.testng.reporters.JUnitReportReporter -->
<testsuite hostname="DESKTOP-POFSGNK" failures="0" tests="1" name="Books.FictionTest" time="2.885" errors="0" timestamp="2024-10-24T12:55:42 IST" skipped="0">
  <testcase classname="Books.FictionTest" name="testcase" time="2.885"/>
  <system-out>
    <![CDATA[Test execution Started
Test execution sucess ]]>
  </system-out>
</testsuite> <!-- Books.FictionTest -->
