<?xml version="1.0" encoding="UTF-8"?>
<!-- Generated by org.testng.reporters.JUnitReportReporter -->
<testsuite hostname="DESKTOP-POFSGNK" failures="0" tests="1" name="GiftCards.VirtualCardTest" time="2.743" errors="0" timestamp="2024-10-24T12:35:26 IST" skipped="0">
  <testcase classname="GiftCards.VirtualCardTest" name="testcase" time="2.743"/>
  <system-out>
    <![CDATA[Test execution Started
Test execution sucess ]]>
  </system-out>
</testsuite> <!-- GiftCards.VirtualCardTest -->
