<?xml version="1.0" encoding="UTF-8"?>
<!-- Generated by org.testng.reporters.JUnitReportReporter -->
<testsuite hostname="DESKTOP-POFSGNK" failures="0" tests="1" name="Jewelry.VintangeTest" time="2.703" errors="0" timestamp="2024-10-24T13:03:34 IST" skipped="0">
  <testcase classname="Jewelry.VintangeTest" name="testcase" time="2.703"/>
  <system-out>
    <![CDATA[Test execution Started
Test execution sucess ]]>
  </system-out>
</testsuite> <!-- Jewelry.VintangeTest -->
