<?xml version="1.0" encoding="UTF-8"?>
<!-- Generated by org.testng.reporters.JUnitReportReporter -->
<testsuite hostname="DESKTOP-POFSGNK" failures="0" tests="1" name="SeleniumPractice.ExtendTest" time="0.657" errors="0" timestamp="2024-10-24T17:46:37 IST" skipped="0">
  <testcase classname="SeleniumPractice.ExtendTest" name="testcase" time="0.657"/>
  <system-out/>
</testsuite> <!-- SeleniumPractice.ExtendTest -->
