<?xml version="1.0" encoding="UTF-8"?>
<!-- Generated by org.testng.reporters.JUnitReportReporter -->
<testsuite hostname="DESKTOP-POFSGNK" failures="0" tests="1" name="ApparelandShoes.BlueandGreenSneakerTest" time="3.151" errors="0" timestamp="2024-10-24T14:43:04 IST" skipped="0">
  <testcase classname="ApparelandShoes.BlueandGreenSneakerTest" name="testcase" time="3.151"/>
  <system-out>
    <![CDATA[Test execution Started
Test execution sucess ]]>
  </system-out>
</testsuite> <!-- ApparelandShoes.BlueandGreenSneakerTest -->
