<?xml version="1.0" encoding="UTF-8"?>
<!-- Generated by org.testng.reporters.JUnitReportReporter -->
<testsuite hostname="DESKTOP-POFSGNK" failures="0" tests="1" name="ApparelandShoes.LeatherBagTest" time="3.005" errors="0" timestamp="2024-10-24T12:54:36 IST" skipped="0">
  <testcase classname="ApparelandShoes.LeatherBagTest" name="testcase" time="3.005"/>
  <system-out>
    <![CDATA[Test execution Started
Test execution sucess ]]>
  </system-out>
</testsuite> <!-- ApparelandShoes.LeatherBagTest -->
