<?xml version="1.0" encoding="UTF-8"?>
<!-- Generated by org.testng.reporters.JUnitReportReporter -->
<testsuite hostname="DESKTOP-POFSGNK" failures="0" tests="1" name="SeleniumPractice.Program5Test" time="0.044" errors="0" timestamp="2024-10-18T15:36:07 IST" skipped="0">
  <testcase classname="SeleniumPractice.Program5Test" name="testcase" time="0.044"/>
  <system-out>
    <![CDATA[Test execution Started
Test execution sucess ]]>
  </system-out>
</testsuite> <!-- SeleniumPractice.Program5Test -->
