<?xml version="1.0" encoding="UTF-8"?>
<!-- Generated by org.testng.reporters.JUnitReportReporter -->
<testsuite hostname="DESKTOP-POFSGNK" failures="0" tests="1" name="SeleniumPractice.Program3Test" time="3.524" errors="0" timestamp="2024-10-10T15:24:21 IST" skipped="0">
  <testcase classname="SeleniumPractice.Program3Test" name="testcase1" time="3.524"/>
  <system-out/>
</testsuite> <!-- SeleniumPractice.Program3Test -->
