<?xml version="1.0" encoding="UTF-8"?>
<!-- Generated by org.testng.reporters.JUnitReportReporter -->
<testsuite hostname="DESKTOP-POFSGNK" failures="0" tests="1" name="Books.ComputingInternet" time="2.853" errors="0" timestamp="2024-10-20T18:34:07 IST" skipped="0">
  <testcase classname="Books.ComputingInternet" name="testcase" time="2.853"/>
  <system-out>
    <![CDATA[Test execution Started
Test execution sucess ]]>
  </system-out>
</testsuite> <!-- Books.ComputingInternet -->
