<?xml version="1.0" encoding="UTF-8"?>
<!-- Generated by org.testng.reporters.JUnitReportReporter -->
<testsuite hostname="DESKTOP-POFSGNK" failures="0" tests="1" name="ShoppingCart.ShoppingCartTest" time="9.464" errors="0" timestamp="2024-10-22T22:58:14 IST" skipped="0">
  <testcase classname="ShoppingCart.ShoppingCartTest" name="testcase" time="9.464"/>
  <system-out>
    <![CDATA[Test execution Started
Test execution sucess ]]>
  </system-out>
</testsuite> <!-- ShoppingCart.ShoppingCartTest -->
