<?xml version="1.0" encoding="UTF-8"?>
<!-- Generated by org.testng.reporters.JUnitReportReporter -->
<testsuite hostname="DESKTOP-POFSGNK" failures="0" tests="1" name="SeleniumPractice.SelectTest" time="0.469" errors="0" timestamp="2024-10-18T16:54:33 IST" skipped="0">
  <testcase classname="SeleniumPractice.SelectTest" name="SkillRary" time="0.469"/>
  <system-out>
    <![CDATA[Test execution Started
Test execution sucess ]]>
  </system-out>
</testsuite> <!-- SeleniumPractice.SelectTest -->
