<?xml version="1.0" encoding="UTF-8"?>
<!-- Generated by org.testng.reporters.JUnitReportReporter -->
<testsuite hostname="DESKTOP-POFSGNK" failures="0" tests="1" name="SeleniumPractice.ActionclassTest" time="0.336" errors="0" timestamp="2024-10-18T16:08:32 IST" skipped="0">
  <testcase classname="SeleniumPractice.ActionclassTest" name="testcase" time="0.336"/>
  <system-out>
    <![CDATA[Test execution Started
Test execution sucess ]]>
  </system-out>
</testsuite> <!-- SeleniumPractice.ActionclassTest -->
