<?xml version="1.0" encoding="UTF-8"?>
<!-- Generated by org.testng.reporters.JUnitReportReporter -->
<testsuite hostname="DESKTOP-POFSGNK" failures="0" tests="1" name="Books.ComputingInternetTest" time="3.324" errors="0" timestamp="2024-10-24T12:55:13 IST" skipped="0">
  <testcase classname="Books.ComputingInternetTest" name="testcase" time="3.324"/>
  <system-out>
    <![CDATA[Test execution Started
Test execution sucess ]]>
  </system-out>
</testsuite> <!-- Books.ComputingInternetTest -->
